  [1m[35m (142.7ms)[0m  [1m[35mCREATE DATABASE "bookshelf_app_development" ENCODING = 'unicode'[0m
  [1m[35m (257.4ms)[0m  [1m[35mCREATE DATABASE "bookshelf_app_test" ENCODING = 'unicode'[0m
  [1m[35m (5.4ms)[0m  [1m[35mCREATE TABLE "schema_migrations" ("version" character varying NOT NULL PRIMARY KEY)[0m
  [1m[35m (4.3ms)[0m  [1m[35mCREATE TABLE "ar_internal_metadata" ("key" character varying NOT NULL PRIMARY KEY, "value" character varying, "created_at" timestamp(6) NOT NULL, "updated_at" timestamp(6) NOT NULL)[0m
  [1m[35m (0.3ms)[0m  [1m[34mSELECT pg_try_advisory_lock(3644608557871377285)[0m
  [1m[36mActiveRecord::SchemaMigration Pluck (0.3ms)[0m  [1m[34mSELECT "schema_migrations"."version" FROM "schema_migrations" ORDER BY "schema_migrations"."version" ASC[0m
  [1m[36mActiveRecord::InternalMetadata Load (0.3ms)[0m  [1m[34mSELECT "ar_internal_metadata".* FROM "ar_internal_metadata" WHERE "ar_internal_metadata"."key" = $1 LIMIT $2[0m  [["key", "environment"], ["LIMIT", 1]]
  [1m[36mTRANSACTION (0.1ms)[0m  [1m[35mBEGIN[0m
  [1m[36mActiveRecord::InternalMetadata Create (0.3ms)[0m  [1m[32mINSERT INTO "ar_internal_metadata" ("key", "value", "created_at", "updated_at") VALUES ($1, $2, $3, $4) RETURNING "key"[0m  [["key", "environment"], ["value", "development"], ["created_at", "2022-01-12 10:02:11.487747"], ["updated_at", "2022-01-12 10:02:11.487747"]]
  [1m[36mTRANSACTION (0.2ms)[0m  [1m[35mCOMMIT[0m
  [1m[35m (0.1ms)[0m  [1m[34mSELECT pg_advisory_unlock(3644608557871377285)[0m
  [1m[36mActiveRecord::SchemaMigration Pluck (0.4ms)[0m  [1m[34mSELECT "schema_migrations"."version" FROM "schema_migrations" ORDER BY "schema_migrations"."version" ASC[0m
  [1m[35m (0.2ms)[0m  [1m[34mSELECT pg_try_advisory_lock(3644608557871377285)[0m
  [1m[36mActiveRecord::SchemaMigration Pluck (0.4ms)[0m  [1m[34mSELECT "schema_migrations"."version" FROM "schema_migrations" ORDER BY "schema_migrations"."version" ASC[0m
  [1m[36mActiveRecord::InternalMetadata Load (0.3ms)[0m  [1m[34mSELECT "ar_internal_metadata".* FROM "ar_internal_metadata" WHERE "ar_internal_metadata"."key" = $1 LIMIT $2[0m  [["key", "environment"], ["LIMIT", 1]]
  [1m[35m (0.1ms)[0m  [1m[34mSELECT pg_advisory_unlock(3644608557871377285)[0m
  [1m[36mActiveRecord::SchemaMigration Pluck (0.4ms)[0m  [1m[34mSELECT "schema_migrations"."version" FROM "schema_migrations" ORDER BY "schema_migrations"."version" ASC[0m
Started GET "/" for ::1 at 2022-01-12 15:32:51 +0530
  [1m[36mActiveRecord::SchemaMigration Pluck (0.3ms)[0m  [1m[34mSELECT "schema_migrations"."version" FROM "schema_migrations" ORDER BY "schema_migrations"."version" ASC[0m
Processing by Rails::WelcomeController#index as HTML
  Rendering /Users/ishanrai/.rbenv/versions/3.1.0/lib/ruby/gems/3.1.0/gems/railties-7.0.1/lib/rails/templates/rails/welcome/index.html.erb
  Rendered /Users/ishanrai/.rbenv/versions/3.1.0/lib/ruby/gems/3.1.0/gems/railties-7.0.1/lib/rails/templates/rails/welcome/index.html.erb (Duration: 2.6ms | Allocations: 878)
Completed 200 OK in 25ms (Views: 10.3ms | ActiveRecord: 0.0ms | Allocations: 7753)


Started GET "/graphiql" for ::1 at 2022-01-12 15:33:00 +0530
Processing by GraphiQL::Rails::EditorsController#show as HTML
  Parameters: {"graphql_path"=>"graphql#execute"}
  Rendering /Users/ishanrai/.rbenv/versions/3.1.0/lib/ruby/gems/3.1.0/gems/graphiql-rails-1.8.0/app/views/graphiql/rails/editors/show.html.erb
  Rendered /Users/ishanrai/.rbenv/versions/3.1.0/lib/ruby/gems/3.1.0/gems/graphiql-rails-1.8.0/app/views/graphiql/rails/editors/show.html.erb (Duration: 4.6ms | Allocations: 1971)
Completed 500 Internal Server Error in 25ms (ActiveRecord: 0.0ms | Allocations: 4226)


  
ActionView::Template::Error (Your application has sessions disabled. To write to the session you must first configure a session store):
    11:       graphql_endpoint_path: graphql_endpoint_path,
    12:       initial_query: GraphiQL::Rails.config.initial_query,
    13:       logo: GraphiQL::Rails.config.logo,
    14:       headers: GraphiQL::Rails.config.resolve_headers(self),
    15:       query_params: GraphiQL::Rails.config.query_params
    16:     } %>
    17:   </body>
  
actionpack (7.0.1) lib/action_dispatch/request/session.rb:253:in `load_for_write!'
actionpack (7.0.1) lib/action_dispatch/request/session.rb:151:in `[]='
actionpack (7.0.1) lib/action_controller/metal/request_forgery_protection.rb:449:in `real_csrf_token'
actionpack (7.0.1) lib/action_controller/metal/request_forgery_protection.rb:467:in `csrf_token_hmac'
actionpack (7.0.1) lib/action_controller/metal/request_forgery_protection.rb:461:in `global_csrf_token'
actionpack (7.0.1) lib/action_controller/metal/request_forgery_protection.rb:370:in `masked_authenticity_token'
actionpack (7.0.1) lib/action_controller/metal/request_forgery_protection.rb:357:in `form_authenticity_token'
actionpack (7.0.1) lib/action_controller/metal/request_forgery_protection.rb:107:in `form_authenticity_token'
graphiql-rails (1.8.0) lib/graphiql/rails/config.rb:17:in `block in <class:Config>'
graphiql-rails (1.8.0) lib/graphiql/rails/config.rb:38:in `block in resolve_headers'
graphiql-rails (1.8.0) lib/graphiql/rails/config.rb:37:in `each'
graphiql-rails (1.8.0) lib/graphiql/rails/config.rb:37:in `each_with_object'
graphiql-rails (1.8.0) lib/graphiql/rails/config.rb:37:in `resolve_headers'
graphiql-rails (1.8.0) app/views/graphiql/rails/editors/show.html.erb:14
actionview (7.0.1) lib/action_view/base.rb:244:in `public_send'
actionview (7.0.1) lib/action_view/base.rb:244:in `_run'
actionview (7.0.1) lib/action_view/template.rb:157:in `block in render'
activesupport (7.0.1) lib/active_support/notifications.rb:206:in `block in instrument'
activesupport (7.0.1) lib/active_support/notifications/instrumenter.rb:24:in `instrument'
activesupport (7.0.1) lib/active_support/notifications.rb:206:in `instrument'
actionview (7.0.1) lib/action_view/template.rb:361:in `instrument_render_template'
actionview (7.0.1) lib/action_view/template.rb:155:in `render'
actionview (7.0.1) lib/action_view/renderer/template_renderer.rb:65:in `block (2 levels) in render_template'
activesupport (7.0.1) lib/active_support/notifications.rb:206:in `block in instrument'
activesupport (7.0.1) lib/active_support/notifications/instrumenter.rb:24:in `instrument'
activesupport (7.0.1) lib/active_support/notifications.rb:206:in `instrument'
actionview (7.0.1) lib/action_view/renderer/template_renderer.rb:60:in `block in render_template'
actionview (7.0.1) lib/action_view/renderer/template_renderer.rb:79:in `render_with_layout'
actionview (7.0.1) lib/action_view/renderer/template_renderer.rb:59:in `render_template'
actionview (7.0.1) lib/action_view/renderer/template_renderer.rb:11:in `render'
actionview (7.0.1) lib/action_view/renderer/renderer.rb:61:in `render_template_to_object'
actionview (7.0.1) lib/action_view/renderer/renderer.rb:29:in `render_to_object'
actionview (7.0.1) lib/action_view/rendering.rb:117:in `block in _render_template'
actionview (7.0.1) lib/action_view/base.rb:270:in `in_rendering_context'
actionview (7.0.1) lib/action_view/rendering.rb:116:in `_render_template'
actionpack (7.0.1) lib/action_controller/metal/streaming.rb:216:in `_render_template'
actionview (7.0.1) lib/action_view/rendering.rb:103:in `render_to_body'
actionpack (7.0.1) lib/action_controller/metal/rendering.rb:46:in `render_to_body'
actionpack (7.0.1) lib/action_controller/metal/renderers.rb:142:in `render_to_body'
actionpack (7.0.1) lib/abstract_controller/rendering.rb:25:in `render'
actionpack (7.0.1) lib/action_controller/metal/rendering.rb:30:in `render'
actionpack (7.0.1) lib/action_controller/metal/instrumentation.rb:22:in `block (2 levels) in render'
/Users/ishanrai/.rbenv/versions/3.1.0/lib/ruby/3.1.0/benchmark.rb:311:in `realtime'
activesupport (7.0.1) lib/active_support/core_ext/benchmark.rb:14:in `ms'
actionpack (7.0.1) lib/action_controller/metal/instrumentation.rb:22:in `block in render'
actionpack (7.0.1) lib/action_controller/metal/instrumentation.rb:91:in `cleanup_view_runtime'
activerecord (7.0.1) lib/active_record/railties/controller_runtime.rb:34:in `cleanup_view_runtime'
actionpack (7.0.1) lib/action_controller/metal/instrumentation.rb:21:in `render'
actionpack (7.0.1) lib/action_controller/metal/implicit_render.rb:35:in `default_render'
actionpack (7.0.1) lib/action_controller/metal/basic_implicit_render.rb:6:in `block in send_action'
<internal:kernel>:90:in `tap'
actionpack (7.0.1) lib/action_controller/metal/basic_implicit_render.rb:6:in `send_action'
actionpack (7.0.1) lib/abstract_controller/base.rb:214:in `process_action'
actionpack (7.0.1) lib/action_controller/metal/rendering.rb:53:in `process_action'
actionpack (7.0.1) lib/abstract_controller/callbacks.rb:234:in `block in process_action'
activesupport (7.0.1) lib/active_support/callbacks.rb:118:in `block in run_callbacks'
actiontext (7.0.1) lib/action_text/rendering.rb:20:in `with_renderer'
actiontext (7.0.1) lib/action_text/engine.rb:69:in `block (4 levels) in <class:Engine>'
activesupport (7.0.1) lib/active_support/callbacks.rb:127:in `instance_exec'
activesupport (7.0.1) lib/active_support/callbacks.rb:127:in `block in run_callbacks'
activesupport (7.0.1) lib/active_support/callbacks.rb:138:in `run_callbacks'
actionpack (7.0.1) lib/abstract_controller/callbacks.rb:233:in `process_action'
actionpack (7.0.1) lib/action_controller/metal/rescue.rb:22:in `process_action'
actionpack (7.0.1) lib/action_controller/metal/instrumentation.rb:67:in `block in process_action'
activesupport (7.0.1) lib/active_support/notifications.rb:206:in `block in instrument'
activesupport (7.0.1) lib/active_support/notifications/instrumenter.rb:24:in `instrument'
activesupport (7.0.1) lib/active_support/notifications.rb:206:in `instrument'
actionpack (7.0.1) lib/action_controller/metal/instrumentation.rb:66:in `process_action'
actionpack (7.0.1) lib/action_controller/metal/params_wrapper.rb:259:in `process_action'
activerecord (7.0.1) lib/active_record/railties/controller_runtime.rb:27:in `process_action'
actionpack (7.0.1) lib/abstract_controller/base.rb:151:in `process'
actionview (7.0.1) lib/action_view/rendering.rb:39:in `process'
actionpack (7.0.1) lib/action_controller/metal.rb:188:in `dispatch'
actionpack (7.0.1) lib/action_controller/metal.rb:251:in `dispatch'
actionpack (7.0.1) lib/action_dispatch/routing/route_set.rb:49:in `dispatch'
actionpack (7.0.1) lib/action_dispatch/routing/route_set.rb:32:in `serve'
actionpack (7.0.1) lib/action_dispatch/journey/router.rb:50:in `block in serve'
actionpack (7.0.1) lib/action_dispatch/journey/router.rb:32:in `each'
actionpack (7.0.1) lib/action_dispatch/journey/router.rb:32:in `serve'
actionpack (7.0.1) lib/action_dispatch/routing/route_set.rb:850:in `call'
railties (7.0.1) lib/rails/engine.rb:530:in `call'
railties (7.0.1) lib/rails/railtie.rb:224:in `public_send'
railties (7.0.1) lib/rails/railtie.rb:224:in `method_missing'
actionpack (7.0.1) lib/action_dispatch/routing/mapper.rb:19:in `block in <class:Constraints>'
actionpack (7.0.1) lib/action_dispatch/routing/mapper.rb:48:in `serve'
actionpack (7.0.1) lib/action_dispatch/journey/router.rb:50:in `block in serve'
actionpack (7.0.1) lib/action_dispatch/journey/router.rb:32:in `each'
actionpack (7.0.1) lib/action_dispatch/journey/router.rb:32:in `serve'
actionpack (7.0.1) lib/action_dispatch/routing/route_set.rb:850:in `call'
rack (2.2.3) lib/rack/etag.rb:27:in `call'
rack (2.2.3) lib/rack/conditional_get.rb:27:in `call'
rack (2.2.3) lib/rack/head.rb:12:in `call'
activerecord (7.0.1) lib/active_record/migration.rb:603:in `call'
actionpack (7.0.1) lib/action_dispatch/middleware/callbacks.rb:27:in `block in call'
activesupport (7.0.1) lib/active_support/callbacks.rb:99:in `run_callbacks'
actionpack (7.0.1) lib/action_dispatch/middleware/callbacks.rb:26:in `call'
actionpack (7.0.1) lib/action_dispatch/middleware/executor.rb:14:in `call'
actionpack (7.0.1) lib/action_dispatch/middleware/actionable_exceptions.rb:17:in `call'
actionpack (7.0.1) lib/action_dispatch/middleware/debug_exceptions.rb:28:in `call'
actionpack (7.0.1) lib/action_dispatch/middleware/show_exceptions.rb:26:in `call'
railties (7.0.1) lib/rails/rack/logger.rb:36:in `call_app'
railties (7.0.1) lib/rails/rack/logger.rb:25:in `block in call'
activesupport (7.0.1) lib/active_support/tagged_logging.rb:99:in `block in tagged'
activesupport (7.0.1) lib/active_support/tagged_logging.rb:37:in `tagged'
activesupport (7.0.1) lib/active_support/tagged_logging.rb:99:in `tagged'
railties (7.0.1) lib/rails/rack/logger.rb:25:in `call'
actionpack (7.0.1) lib/action_dispatch/middleware/remote_ip.rb:93:in `call'
actionpack (7.0.1) lib/action_dispatch/middleware/request_id.rb:26:in `call'
rack (2.2.3) lib/rack/runtime.rb:22:in `call'
activesupport (7.0.1) lib/active_support/cache/strategy/local_cache_middleware.rb:29:in `call'
actionpack (7.0.1) lib/action_dispatch/middleware/server_timing.rb:20:in `call'
actionpack (7.0.1) lib/action_dispatch/middleware/executor.rb:14:in `call'
actionpack (7.0.1) lib/action_dispatch/middleware/static.rb:23:in `call'
rack (2.2.3) lib/rack/sendfile.rb:110:in `call'
actionpack (7.0.1) lib/action_dispatch/middleware/host_authorization.rb:137:in `call'
railties (7.0.1) lib/rails/engine.rb:530:in `call'
puma (5.5.2) lib/puma/configuration.rb:249:in `call'
puma (5.5.2) lib/puma/request.rb:77:in `block in handle_request'
puma (5.5.2) lib/puma/thread_pool.rb:340:in `with_force_shutdown'
puma (5.5.2) lib/puma/request.rb:76:in `handle_request'
puma (5.5.2) lib/puma/server.rb:447:in `process_client'
puma (5.5.2) lib/puma/thread_pool.rb:147:in `block in spawn_thread'
Started GET "/graphiql" for ::1 at 2022-01-12 15:35:39 +0530
Processing by GraphiQL::Rails::EditorsController#show as HTML
  Parameters: {"graphql_path"=>"graphql#execute"}
  Rendering /Users/ishanrai/.rbenv/versions/3.1.0/lib/ruby/gems/3.1.0/gems/graphiql-rails-1.8.0/app/views/graphiql/rails/editors/show.html.erb
  Rendered /Users/ishanrai/.rbenv/versions/3.1.0/lib/ruby/gems/3.1.0/gems/graphiql-rails-1.8.0/app/views/graphiql/rails/editors/show.html.erb (Duration: 0.6ms | Allocations: 310)
Completed 500 Internal Server Error in 1ms (ActiveRecord: 0.0ms | Allocations: 589)


  
ActionView::Template::Error (Your application has sessions disabled. To write to the session you must first configure a session store):
    11:       graphql_endpoint_path: graphql_endpoint_path,
    12:       initial_query: GraphiQL::Rails.config.initial_query,
    13:       logo: GraphiQL::Rails.config.logo,
    14:       headers: GraphiQL::Rails.config.resolve_headers(self),
    15:       query_params: GraphiQL::Rails.config.query_params
    16:     } %>
    17:   </body>
  
actionpack (7.0.1) lib/action_dispatch/request/session.rb:253:in `load_for_write!'
actionpack (7.0.1) lib/action_dispatch/request/session.rb:151:in `[]='
actionpack (7.0.1) lib/action_controller/metal/request_forgery_protection.rb:449:in `real_csrf_token'
actionpack (7.0.1) lib/action_controller/metal/request_forgery_protection.rb:467:in `csrf_token_hmac'
actionpack (7.0.1) lib/action_controller/metal/request_forgery_protection.rb:461:in `global_csrf_token'
actionpack (7.0.1) lib/action_controller/metal/request_forgery_protection.rb:370:in `masked_authenticity_token'
actionpack (7.0.1) lib/action_controller/metal/request_forgery_protection.rb:357:in `form_authenticity_token'
actionpack (7.0.1) lib/action_controller/metal/request_forgery_protection.rb:107:in `form_authenticity_token'
graphiql-rails (1.8.0) lib/graphiql/rails/config.rb:17:in `block in <class:Config>'
graphiql-rails (1.8.0) lib/graphiql/rails/config.rb:38:in `block in resolve_headers'
graphiql-rails (1.8.0) lib/graphiql/rails/config.rb:37:in `each'
graphiql-rails (1.8.0) lib/graphiql/rails/config.rb:37:in `each_with_object'
graphiql-rails (1.8.0) lib/graphiql/rails/config.rb:37:in `resolve_headers'
graphiql-rails (1.8.0) app/views/graphiql/rails/editors/show.html.erb:14
actionview (7.0.1) lib/action_view/base.rb:244:in `public_send'
actionview (7.0.1) lib/action_view/base.rb:244:in `_run'
actionview (7.0.1) lib/action_view/template.rb:157:in `block in render'
activesupport (7.0.1) lib/active_support/notifications.rb:206:in `block in instrument'
activesupport (7.0.1) lib/active_support/notifications/instrumenter.rb:24:in `instrument'
activesupport (7.0.1) lib/active_support/notifications.rb:206:in `instrument'
actionview (7.0.1) lib/action_view/template.rb:361:in `instrument_render_template'
actionview (7.0.1) lib/action_view/template.rb:155:in `render'
actionview (7.0.1) lib/action_view/renderer/template_renderer.rb:65:in `block (2 levels) in render_template'
activesupport (7.0.1) lib/active_support/notifications.rb:206:in `block in instrument'
activesupport (7.0.1) lib/active_support/notifications/instrumenter.rb:24:in `instrument'
activesupport (7.0.1) lib/active_support/notifications.rb:206:in `instrument'
actionview (7.0.1) lib/action_view/renderer/template_renderer.rb:60:in `block in render_template'
actionview (7.0.1) lib/action_view/renderer/template_renderer.rb:79:in `render_with_layout'
actionview (7.0.1) lib/action_view/renderer/template_renderer.rb:59:in `render_template'
actionview (7.0.1) lib/action_view/renderer/template_renderer.rb:11:in `render'
actionview (7.0.1) lib/action_view/renderer/renderer.rb:61:in `render_template_to_object'
actionview (7.0.1) lib/action_view/renderer/renderer.rb:29:in `render_to_object'
actionview (7.0.1) lib/action_view/rendering.rb:117:in `block in _render_template'
actionview (7.0.1) lib/action_view/base.rb:270:in `in_rendering_context'
actionview (7.0.1) lib/action_view/rendering.rb:116:in `_render_template'
actionpack (7.0.1) lib/action_controller/metal/streaming.rb:216:in `_render_template'
actionview (7.0.1) lib/action_view/rendering.rb:103:in `render_to_body'
actionpack (7.0.1) lib/action_controller/metal/rendering.rb:46:in `render_to_body'
actionpack (7.0.1) lib/action_controller/metal/renderers.rb:142:in `render_to_body'
actionpack (7.0.1) lib/abstract_controller/rendering.rb:25:in `render'
actionpack (7.0.1) lib/action_controller/metal/rendering.rb:30:in `render'
actionpack (7.0.1) lib/action_controller/metal/instrumentation.rb:22:in `block (2 levels) in render'
/Users/ishanrai/.rbenv/versions/3.1.0/lib/ruby/3.1.0/benchmark.rb:311:in `realtime'
activesupport (7.0.1) lib/active_support/core_ext/benchmark.rb:14:in `ms'
actionpack (7.0.1) lib/action_controller/metal/instrumentation.rb:22:in `block in render'
actionpack (7.0.1) lib/action_controller/metal/instrumentation.rb:91:in `cleanup_view_runtime'
activerecord (7.0.1) lib/active_record/railties/controller_runtime.rb:34:in `cleanup_view_runtime'
actionpack (7.0.1) lib/action_controller/metal/instrumentation.rb:21:in `render'
actionpack (7.0.1) lib/action_controller/metal/implicit_render.rb:35:in `default_render'
actionpack (7.0.1) lib/action_controller/metal/basic_implicit_render.rb:6:in `block in send_action'
<internal:kernel>:90:in `tap'
actionpack (7.0.1) lib/action_controller/metal/basic_implicit_render.rb:6:in `send_action'
actionpack (7.0.1) lib/abstract_controller/base.rb:214:in `process_action'
actionpack (7.0.1) lib/action_controller/metal/rendering.rb:53:in `process_action'
actionpack (7.0.1) lib/abstract_controller/callbacks.rb:234:in `block in process_action'
activesupport (7.0.1) lib/active_support/callbacks.rb:118:in `block in run_callbacks'
actiontext (7.0.1) lib/action_text/rendering.rb:20:in `with_renderer'
actiontext (7.0.1) lib/action_text/engine.rb:69:in `block (4 levels) in <class:Engine>'
activesupport (7.0.1) lib/active_support/callbacks.rb:127:in `instance_exec'
activesupport (7.0.1) lib/active_support/callbacks.rb:127:in `block in run_callbacks'
activesupport (7.0.1) lib/active_support/callbacks.rb:138:in `run_callbacks'
actionpack (7.0.1) lib/abstract_controller/callbacks.rb:233:in `process_action'
actionpack (7.0.1) lib/action_controller/metal/rescue.rb:22:in `process_action'
actionpack (7.0.1) lib/action_controller/metal/instrumentation.rb:67:in `block in process_action'
activesupport (7.0.1) lib/active_support/notifications.rb:206:in `block in instrument'
activesupport (7.0.1) lib/active_support/notifications/instrumenter.rb:24:in `instrument'
activesupport (7.0.1) lib/active_support/notifications.rb:206:in `instrument'
actionpack (7.0.1) lib/action_controller/metal/instrumentation.rb:66:in `process_action'
actionpack (7.0.1) lib/action_controller/metal/params_wrapper.rb:259:in `process_action'
activerecord (7.0.1) lib/active_record/railties/controller_runtime.rb:27:in `process_action'
actionpack (7.0.1) lib/abstract_controller/base.rb:151:in `process'
actionview (7.0.1) lib/action_view/rendering.rb:39:in `process'
actionpack (7.0.1) lib/action_controller/metal.rb:188:in `dispatch'
actionpack (7.0.1) lib/action_controller/metal.rb:251:in `dispatch'
actionpack (7.0.1) lib/action_dispatch/routing/route_set.rb:49:in `dispatch'
actionpack (7.0.1) lib/action_dispatch/routing/route_set.rb:32:in `serve'
actionpack (7.0.1) lib/action_dispatch/journey/router.rb:50:in `block in serve'
actionpack (7.0.1) lib/action_dispatch/journey/router.rb:32:in `each'
actionpack (7.0.1) lib/action_dispatch/journey/router.rb:32:in `serve'
actionpack (7.0.1) lib/action_dispatch/routing/route_set.rb:850:in `call'
railties (7.0.1) lib/rails/engine.rb:530:in `call'
railties (7.0.1) lib/rails/railtie.rb:224:in `public_send'
railties (7.0.1) lib/rails/railtie.rb:224:in `method_missing'
actionpack (7.0.1) lib/action_dispatch/routing/mapper.rb:19:in `block in <class:Constraints>'
actionpack (7.0.1) lib/action_dispatch/routing/mapper.rb:48:in `serve'
actionpack (7.0.1) lib/action_dispatch/journey/router.rb:50:in `block in serve'
actionpack (7.0.1) lib/action_dispatch/journey/router.rb:32:in `each'
actionpack (7.0.1) lib/action_dispatch/journey/router.rb:32:in `serve'
actionpack (7.0.1) lib/action_dispatch/routing/route_set.rb:850:in `call'
rack (2.2.3) lib/rack/etag.rb:27:in `call'
rack (2.2.3) lib/rack/conditional_get.rb:27:in `call'
rack (2.2.3) lib/rack/head.rb:12:in `call'
activerecord (7.0.1) lib/active_record/migration.rb:603:in `call'
actionpack (7.0.1) lib/action_dispatch/middleware/callbacks.rb:27:in `block in call'
activesupport (7.0.1) lib/active_support/callbacks.rb:99:in `run_callbacks'
actionpack (7.0.1) lib/action_dispatch/middleware/callbacks.rb:26:in `call'
actionpack (7.0.1) lib/action_dispatch/middleware/executor.rb:14:in `call'
actionpack (7.0.1) lib/action_dispatch/middleware/actionable_exceptions.rb:17:in `call'
actionpack (7.0.1) lib/action_dispatch/middleware/debug_exceptions.rb:28:in `call'
actionpack (7.0.1) lib/action_dispatch/middleware/show_exceptions.rb:26:in `call'
railties (7.0.1) lib/rails/rack/logger.rb:36:in `call_app'
railties (7.0.1) lib/rails/rack/logger.rb:25:in `block in call'
activesupport (7.0.1) lib/active_support/tagged_logging.rb:99:in `block in tagged'
activesupport (7.0.1) lib/active_support/tagged_logging.rb:37:in `tagged'
activesupport (7.0.1) lib/active_support/tagged_logging.rb:99:in `tagged'
railties (7.0.1) lib/rails/rack/logger.rb:25:in `call'
actionpack (7.0.1) lib/action_dispatch/middleware/remote_ip.rb:93:in `call'
actionpack (7.0.1) lib/action_dispatch/middleware/request_id.rb:26:in `call'
rack (2.2.3) lib/rack/runtime.rb:22:in `call'
activesupport (7.0.1) lib/active_support/cache/strategy/local_cache_middleware.rb:29:in `call'
actionpack (7.0.1) lib/action_dispatch/middleware/server_timing.rb:20:in `call'
actionpack (7.0.1) lib/action_dispatch/middleware/executor.rb:14:in `call'
actionpack (7.0.1) lib/action_dispatch/middleware/static.rb:23:in `call'
rack (2.2.3) lib/rack/sendfile.rb:110:in `call'
actionpack (7.0.1) lib/action_dispatch/middleware/host_authorization.rb:137:in `call'
railties (7.0.1) lib/rails/engine.rb:530:in `call'
puma (5.5.2) lib/puma/configuration.rb:249:in `call'
puma (5.5.2) lib/puma/request.rb:77:in `block in handle_request'
puma (5.5.2) lib/puma/thread_pool.rb:340:in `with_force_shutdown'
puma (5.5.2) lib/puma/request.rb:76:in `handle_request'
puma (5.5.2) lib/puma/server.rb:447:in `process_client'
puma (5.5.2) lib/puma/thread_pool.rb:147:in `block in spawn_thread'
Started GET "/graphiql" for ::1 at 2022-01-12 15:48:54 +0530
  [1m[36mActiveRecord::SchemaMigration Pluck (1.0ms)[0m  [1m[34mSELECT "schema_migrations"."version" FROM "schema_migrations" ORDER BY "schema_migrations"."version" ASC[0m
Processing by GraphiQL::Rails::EditorsController#show as HTML
  Parameters: {"graphql_path"=>"graphql#execute"}
  Rendering /Users/ishanrai/.rbenv/versions/3.1.0/lib/ruby/gems/3.1.0/gems/graphiql-rails-1.8.0/app/views/graphiql/rails/editors/show.html.erb
  Rendered /Users/ishanrai/.rbenv/versions/3.1.0/lib/ruby/gems/3.1.0/gems/graphiql-rails-1.8.0/app/views/graphiql/rails/editors/show.html.erb (Duration: 4.2ms | Allocations: 1728)
Completed 500 Internal Server Error in 17ms (ActiveRecord: 0.0ms | Allocations: 8047)


  
ActionView::Template::Error (Your application has sessions disabled. To write to the session you must first configure a session store):
    11:       graphql_endpoint_path: graphql_endpoint_path,
    12:       initial_query: GraphiQL::Rails.config.initial_query,
    13:       logo: GraphiQL::Rails.config.logo,
    14:       headers: GraphiQL::Rails.config.resolve_headers(self),
    15:       query_params: GraphiQL::Rails.config.query_params
    16:     } %>
    17:   </body>
  
actionpack (7.0.1) lib/action_dispatch/request/session.rb:253:in `load_for_write!'
actionpack (7.0.1) lib/action_dispatch/request/session.rb:151:in `[]='
actionpack (7.0.1) lib/action_controller/metal/request_forgery_protection.rb:449:in `real_csrf_token'
actionpack (7.0.1) lib/action_controller/metal/request_forgery_protection.rb:467:in `csrf_token_hmac'
actionpack (7.0.1) lib/action_controller/metal/request_forgery_protection.rb:461:in `global_csrf_token'
actionpack (7.0.1) lib/action_controller/metal/request_forgery_protection.rb:370:in `masked_authenticity_token'
actionpack (7.0.1) lib/action_controller/metal/request_forgery_protection.rb:357:in `form_authenticity_token'
actionpack (7.0.1) lib/action_controller/metal/request_forgery_protection.rb:107:in `form_authenticity_token'
graphiql-rails (1.8.0) lib/graphiql/rails/config.rb:17:in `block in <class:Config>'
graphiql-rails (1.8.0) lib/graphiql/rails/config.rb:38:in `block in resolve_headers'
graphiql-rails (1.8.0) lib/graphiql/rails/config.rb:37:in `each'
graphiql-rails (1.8.0) lib/graphiql/rails/config.rb:37:in `each_with_object'
graphiql-rails (1.8.0) lib/graphiql/rails/config.rb:37:in `resolve_headers'
graphiql-rails (1.8.0) app/views/graphiql/rails/editors/show.html.erb:14
actionview (7.0.1) lib/action_view/base.rb:244:in `public_send'
actionview (7.0.1) lib/action_view/base.rb:244:in `_run'
actionview (7.0.1) lib/action_view/template.rb:157:in `block in render'
activesupport (7.0.1) lib/active_support/notifications.rb:206:in `block in instrument'
activesupport (7.0.1) lib/active_support/notifications/instrumenter.rb:24:in `instrument'
activesupport (7.0.1) lib/active_support/notifications.rb:206:in `instrument'
actionview (7.0.1) lib/action_view/template.rb:361:in `instrument_render_template'
actionview (7.0.1) lib/action_view/template.rb:155:in `render'
actionview (7.0.1) lib/action_view/renderer/template_renderer.rb:65:in `block (2 levels) in render_template'
activesupport (7.0.1) lib/active_support/notifications.rb:206:in `block in instrument'
activesupport (7.0.1) lib/active_support/notifications/instrumenter.rb:24:in `instrument'
activesupport (7.0.1) lib/active_support/notifications.rb:206:in `instrument'
actionview (7.0.1) lib/action_view/renderer/template_renderer.rb:60:in `block in render_template'
actionview (7.0.1) lib/action_view/renderer/template_renderer.rb:79:in `render_with_layout'
actionview (7.0.1) lib/action_view/renderer/template_renderer.rb:59:in `render_template'
actionview (7.0.1) lib/action_view/renderer/template_renderer.rb:11:in `render'
actionview (7.0.1) lib/action_view/renderer/renderer.rb:61:in `render_template_to_object'
actionview (7.0.1) lib/action_view/renderer/renderer.rb:29:in `render_to_object'
actionview (7.0.1) lib/action_view/rendering.rb:117:in `block in _render_template'
actionview (7.0.1) lib/action_view/base.rb:270:in `in_rendering_context'
actionview (7.0.1) lib/action_view/rendering.rb:116:in `_render_template'
actionpack (7.0.1) lib/action_controller/metal/streaming.rb:216:in `_render_template'
actionview (7.0.1) lib/action_view/rendering.rb:103:in `render_to_body'
actionpack (7.0.1) lib/action_controller/metal/rendering.rb:46:in `render_to_body'
actionpack (7.0.1) lib/action_controller/metal/renderers.rb:142:in `render_to_body'
actionpack (7.0.1) lib/abstract_controller/rendering.rb:25:in `render'
actionpack (7.0.1) lib/action_controller/metal/rendering.rb:30:in `render'
actionpack (7.0.1) lib/action_controller/metal/instrumentation.rb:22:in `block (2 levels) in render'
/Users/ishanrai/.rbenv/versions/3.1.0/lib/ruby/3.1.0/benchmark.rb:311:in `realtime'
activesupport (7.0.1) lib/active_support/core_ext/benchmark.rb:14:in `ms'
actionpack (7.0.1) lib/action_controller/metal/instrumentation.rb:22:in `block in render'
actionpack (7.0.1) lib/action_controller/metal/instrumentation.rb:91:in `cleanup_view_runtime'
activerecord (7.0.1) lib/active_record/railties/controller_runtime.rb:34:in `cleanup_view_runtime'
actionpack (7.0.1) lib/action_controller/metal/instrumentation.rb:21:in `render'
actionpack (7.0.1) lib/action_controller/metal/implicit_render.rb:35:in `default_render'
actionpack (7.0.1) lib/action_controller/metal/basic_implicit_render.rb:6:in `block in send_action'
<internal:kernel>:90:in `tap'
actionpack (7.0.1) lib/action_controller/metal/basic_implicit_render.rb:6:in `send_action'
actionpack (7.0.1) lib/abstract_controller/base.rb:214:in `process_action'
actionpack (7.0.1) lib/action_controller/metal/rendering.rb:53:in `process_action'
actionpack (7.0.1) lib/abstract_controller/callbacks.rb:234:in `block in process_action'
activesupport (7.0.1) lib/active_support/callbacks.rb:118:in `block in run_callbacks'
actiontext (7.0.1) lib/action_text/rendering.rb:20:in `with_renderer'
actiontext (7.0.1) lib/action_text/engine.rb:69:in `block (4 levels) in <class:Engine>'
activesupport (7.0.1) lib/active_support/callbacks.rb:127:in `instance_exec'
activesupport (7.0.1) lib/active_support/callbacks.rb:127:in `block in run_callbacks'
activesupport (7.0.1) lib/active_support/callbacks.rb:138:in `run_callbacks'
actionpack (7.0.1) lib/abstract_controller/callbacks.rb:233:in `process_action'
actionpack (7.0.1) lib/action_controller/metal/rescue.rb:22:in `process_action'
actionpack (7.0.1) lib/action_controller/metal/instrumentation.rb:67:in `block in process_action'
activesupport (7.0.1) lib/active_support/notifications.rb:206:in `block in instrument'
activesupport (7.0.1) lib/active_support/notifications/instrumenter.rb:24:in `instrument'
activesupport (7.0.1) lib/active_support/notifications.rb:206:in `instrument'
actionpack (7.0.1) lib/action_controller/metal/instrumentation.rb:66:in `process_action'
actionpack (7.0.1) lib/action_controller/metal/params_wrapper.rb:259:in `process_action'
activerecord (7.0.1) lib/active_record/railties/controller_runtime.rb:27:in `process_action'
actionpack (7.0.1) lib/abstract_controller/base.rb:151:in `process'
actionview (7.0.1) lib/action_view/rendering.rb:39:in `process'
actionpack (7.0.1) lib/action_controller/metal.rb:188:in `dispatch'
actionpack (7.0.1) lib/action_controller/metal.rb:251:in `dispatch'
actionpack (7.0.1) lib/action_dispatch/routing/route_set.rb:49:in `dispatch'
actionpack (7.0.1) lib/action_dispatch/routing/route_set.rb:32:in `serve'
actionpack (7.0.1) lib/action_dispatch/journey/router.rb:50:in `block in serve'
actionpack (7.0.1) lib/action_dispatch/journey/router.rb:32:in `each'
actionpack (7.0.1) lib/action_dispatch/journey/router.rb:32:in `serve'
actionpack (7.0.1) lib/action_dispatch/routing/route_set.rb:850:in `call'
railties (7.0.1) lib/rails/engine.rb:530:in `call'
railties (7.0.1) lib/rails/railtie.rb:224:in `public_send'
railties (7.0.1) lib/rails/railtie.rb:224:in `method_missing'
actionpack (7.0.1) lib/action_dispatch/routing/mapper.rb:19:in `block in <class:Constraints>'
actionpack (7.0.1) lib/action_dispatch/routing/mapper.rb:48:in `serve'
actionpack (7.0.1) lib/action_dispatch/journey/router.rb:50:in `block in serve'
actionpack (7.0.1) lib/action_dispatch/journey/router.rb:32:in `each'
actionpack (7.0.1) lib/action_dispatch/journey/router.rb:32:in `serve'
actionpack (7.0.1) lib/action_dispatch/routing/route_set.rb:850:in `call'
rack (2.2.3) lib/rack/etag.rb:27:in `call'
rack (2.2.3) lib/rack/conditional_get.rb:27:in `call'
rack (2.2.3) lib/rack/head.rb:12:in `call'
activerecord (7.0.1) lib/active_record/migration.rb:603:in `call'
actionpack (7.0.1) lib/action_dispatch/middleware/callbacks.rb:27:in `block in call'
activesupport (7.0.1) lib/active_support/callbacks.rb:99:in `run_callbacks'
actionpack (7.0.1) lib/action_dispatch/middleware/callbacks.rb:26:in `call'
actionpack (7.0.1) lib/action_dispatch/middleware/executor.rb:14:in `call'
actionpack (7.0.1) lib/action_dispatch/middleware/actionable_exceptions.rb:17:in `call'
actionpack (7.0.1) lib/action_dispatch/middleware/debug_exceptions.rb:28:in `call'
actionpack (7.0.1) lib/action_dispatch/middleware/show_exceptions.rb:26:in `call'
railties (7.0.1) lib/rails/rack/logger.rb:36:in `call_app'
railties (7.0.1) lib/rails/rack/logger.rb:25:in `block in call'
activesupport (7.0.1) lib/active_support/tagged_logging.rb:99:in `block in tagged'
activesupport (7.0.1) lib/active_support/tagged_logging.rb:37:in `tagged'
activesupport (7.0.1) lib/active_support/tagged_logging.rb:99:in `tagged'
railties (7.0.1) lib/rails/rack/logger.rb:25:in `call'
actionpack (7.0.1) lib/action_dispatch/middleware/remote_ip.rb:93:in `call'
actionpack (7.0.1) lib/action_dispatch/middleware/request_id.rb:26:in `call'
rack (2.2.3) lib/rack/runtime.rb:22:in `call'
activesupport (7.0.1) lib/active_support/cache/strategy/local_cache_middleware.rb:29:in `call'
actionpack (7.0.1) lib/action_dispatch/middleware/server_timing.rb:20:in `call'
actionpack (7.0.1) lib/action_dispatch/middleware/executor.rb:14:in `call'
actionpack (7.0.1) lib/action_dispatch/middleware/static.rb:23:in `call'
rack (2.2.3) lib/rack/sendfile.rb:110:in `call'
actionpack (7.0.1) lib/action_dispatch/middleware/host_authorization.rb:137:in `call'
railties (7.0.1) lib/rails/engine.rb:530:in `call'
puma (5.5.2) lib/puma/configuration.rb:249:in `call'
puma (5.5.2) lib/puma/request.rb:77:in `block in handle_request'
puma (5.5.2) lib/puma/thread_pool.rb:340:in `with_force_shutdown'
puma (5.5.2) lib/puma/request.rb:76:in `handle_request'
puma (5.5.2) lib/puma/server.rb:447:in `process_client'
puma (5.5.2) lib/puma/thread_pool.rb:147:in `block in spawn_thread'
Started GET "/" for ::1 at 2022-01-12 15:49:04 +0530
Processing by Rails::WelcomeController#index as HTML
  Rendering /Users/ishanrai/.rbenv/versions/3.1.0/lib/ruby/gems/3.1.0/gems/railties-7.0.1/lib/rails/templates/rails/welcome/index.html.erb
  Rendered /Users/ishanrai/.rbenv/versions/3.1.0/lib/ruby/gems/3.1.0/gems/railties-7.0.1/lib/rails/templates/rails/welcome/index.html.erb (Duration: 0.9ms | Allocations: 491)
Completed 200 OK in 3ms (Views: 2.2ms | ActiveRecord: 0.0ms | Allocations: 1605)


Started GET "/graphiql" for ::1 at 2022-01-12 15:49:05 +0530
Processing by GraphiQL::Rails::EditorsController#show as HTML
  Parameters: {"graphql_path"=>"graphql#execute"}
  Rendering /Users/ishanrai/.rbenv/versions/3.1.0/lib/ruby/gems/3.1.0/gems/graphiql-rails-1.8.0/app/views/graphiql/rails/editors/show.html.erb
  Rendered /Users/ishanrai/.rbenv/versions/3.1.0/lib/ruby/gems/3.1.0/gems/graphiql-rails-1.8.0/app/views/graphiql/rails/editors/show.html.erb (Duration: 1.2ms | Allocations: 763)
Completed 500 Internal Server Error in 4ms (ActiveRecord: 0.0ms | Allocations: 1952)


  
ActionView::Template::Error (Your application has sessions disabled. To write to the session you must first configure a session store):
    11:       graphql_endpoint_path: graphql_endpoint_path,
    12:       initial_query: GraphiQL::Rails.config.initial_query,
    13:       logo: GraphiQL::Rails.config.logo,
    14:       headers: GraphiQL::Rails.config.resolve_headers(self),
    15:       query_params: GraphiQL::Rails.config.query_params
    16:     } %>
    17:   </body>
  
actionpack (7.0.1) lib/action_dispatch/request/session.rb:253:in `load_for_write!'
actionpack (7.0.1) lib/action_dispatch/request/session.rb:151:in `[]='
actionpack (7.0.1) lib/action_controller/metal/request_forgery_protection.rb:449:in `real_csrf_token'
actionpack (7.0.1) lib/action_controller/metal/request_forgery_protection.rb:467:in `csrf_token_hmac'
actionpack (7.0.1) lib/action_controller/metal/request_forgery_protection.rb:461:in `global_csrf_token'
actionpack (7.0.1) lib/action_controller/metal/request_forgery_protection.rb:370:in `masked_authenticity_token'
actionpack (7.0.1) lib/action_controller/metal/request_forgery_protection.rb:357:in `form_authenticity_token'
actionpack (7.0.1) lib/action_controller/metal/request_forgery_protection.rb:107:in `form_authenticity_token'
graphiql-rails (1.8.0) lib/graphiql/rails/config.rb:17:in `block in <class:Config>'
graphiql-rails (1.8.0) lib/graphiql/rails/config.rb:38:in `block in resolve_headers'
graphiql-rails (1.8.0) lib/graphiql/rails/config.rb:37:in `each'
graphiql-rails (1.8.0) lib/graphiql/rails/config.rb:37:in `each_with_object'
graphiql-rails (1.8.0) lib/graphiql/rails/config.rb:37:in `resolve_headers'
graphiql-rails (1.8.0) app/views/graphiql/rails/editors/show.html.erb:14
actionview (7.0.1) lib/action_view/base.rb:244:in `public_send'
actionview (7.0.1) lib/action_view/base.rb:244:in `_run'
actionview (7.0.1) lib/action_view/template.rb:157:in `block in render'
activesupport (7.0.1) lib/active_support/notifications.rb:206:in `block in instrument'
activesupport (7.0.1) lib/active_support/notifications/instrumenter.rb:24:in `instrument'
activesupport (7.0.1) lib/active_support/notifications.rb:206:in `instrument'
actionview (7.0.1) lib/action_view/template.rb:361:in `instrument_render_template'
actionview (7.0.1) lib/action_view/template.rb:155:in `render'
actionview (7.0.1) lib/action_view/renderer/template_renderer.rb:65:in `block (2 levels) in render_template'
activesupport (7.0.1) lib/active_support/notifications.rb:206:in `block in instrument'
activesupport (7.0.1) lib/active_support/notifications/instrumenter.rb:24:in `instrument'
activesupport (7.0.1) lib/active_support/notifications.rb:206:in `instrument'
actionview (7.0.1) lib/action_view/renderer/template_renderer.rb:60:in `block in render_template'
actionview (7.0.1) lib/action_view/renderer/template_renderer.rb:79:in `render_with_layout'
actionview (7.0.1) lib/action_view/renderer/template_renderer.rb:59:in `render_template'
actionview (7.0.1) lib/action_view/renderer/template_renderer.rb:11:in `render'
actionview (7.0.1) lib/action_view/renderer/renderer.rb:61:in `render_template_to_object'
actionview (7.0.1) lib/action_view/renderer/renderer.rb:29:in `render_to_object'
actionview (7.0.1) lib/action_view/rendering.rb:117:in `block in _render_template'
actionview (7.0.1) lib/action_view/base.rb:270:in `in_rendering_context'
actionview (7.0.1) lib/action_view/rendering.rb:116:in `_render_template'
actionpack (7.0.1) lib/action_controller/metal/streaming.rb:216:in `_render_template'
actionview (7.0.1) lib/action_view/rendering.rb:103:in `render_to_body'
actionpack (7.0.1) lib/action_controller/metal/rendering.rb:46:in `render_to_body'
actionpack (7.0.1) lib/action_controller/metal/renderers.rb:142:in `render_to_body'
actionpack (7.0.1) lib/abstract_controller/rendering.rb:25:in `render'
actionpack (7.0.1) lib/action_controller/metal/rendering.rb:30:in `render'
actionpack (7.0.1) lib/action_controller/metal/instrumentation.rb:22:in `block (2 levels) in render'
/Users/ishanrai/.rbenv/versions/3.1.0/lib/ruby/3.1.0/benchmark.rb:311:in `realtime'
activesupport (7.0.1) lib/active_support/core_ext/benchmark.rb:14:in `ms'
actionpack (7.0.1) lib/action_controller/metal/instrumentation.rb:22:in `block in render'
actionpack (7.0.1) lib/action_controller/metal/instrumentation.rb:91:in `cleanup_view_runtime'
activerecord (7.0.1) lib/active_record/railties/controller_runtime.rb:34:in `cleanup_view_runtime'
actionpack (7.0.1) lib/action_controller/metal/instrumentation.rb:21:in `render'
actionpack (7.0.1) lib/action_controller/metal/implicit_render.rb:35:in `default_render'
actionpack (7.0.1) lib/action_controller/metal/basic_implicit_render.rb:6:in `block in send_action'
<internal:kernel>:90:in `tap'
actionpack (7.0.1) lib/action_controller/metal/basic_implicit_render.rb:6:in `send_action'
actionpack (7.0.1) lib/abstract_controller/base.rb:214:in `process_action'
actionpack (7.0.1) lib/action_controller/metal/rendering.rb:53:in `process_action'
actionpack (7.0.1) lib/abstract_controller/callbacks.rb:234:in `block in process_action'
activesupport (7.0.1) lib/active_support/callbacks.rb:118:in `block in run_callbacks'
actiontext (7.0.1) lib/action_text/rendering.rb:20:in `with_renderer'
actiontext (7.0.1) lib/action_text/engine.rb:69:in `block (4 levels) in <class:Engine>'
activesupport (7.0.1) lib/active_support/callbacks.rb:127:in `instance_exec'
activesupport (7.0.1) lib/active_support/callbacks.rb:127:in `block in run_callbacks'
activesupport (7.0.1) lib/active_support/callbacks.rb:138:in `run_callbacks'
actionpack (7.0.1) lib/abstract_controller/callbacks.rb:233:in `process_action'
actionpack (7.0.1) lib/action_controller/metal/rescue.rb:22:in `process_action'
actionpack (7.0.1) lib/action_controller/metal/instrumentation.rb:67:in `block in process_action'
activesupport (7.0.1) lib/active_support/notifications.rb:206:in `block in instrument'
activesupport (7.0.1) lib/active_support/notifications/instrumenter.rb:24:in `instrument'
activesupport (7.0.1) lib/active_support/notifications.rb:206:in `instrument'
actionpack (7.0.1) lib/action_controller/metal/instrumentation.rb:66:in `process_action'
actionpack (7.0.1) lib/action_controller/metal/params_wrapper.rb:259:in `process_action'
activerecord (7.0.1) lib/active_record/railties/controller_runtime.rb:27:in `process_action'
actionpack (7.0.1) lib/abstract_controller/base.rb:151:in `process'
actionview (7.0.1) lib/action_view/rendering.rb:39:in `process'
actionpack (7.0.1) lib/action_controller/metal.rb:188:in `dispatch'
actionpack (7.0.1) lib/action_controller/metal.rb:251:in `dispatch'
actionpack (7.0.1) lib/action_dispatch/routing/route_set.rb:49:in `dispatch'
actionpack (7.0.1) lib/action_dispatch/routing/route_set.rb:32:in `serve'
actionpack (7.0.1) lib/action_dispatch/journey/router.rb:50:in `block in serve'
actionpack (7.0.1) lib/action_dispatch/journey/router.rb:32:in `each'
actionpack (7.0.1) lib/action_dispatch/journey/router.rb:32:in `serve'
actionpack (7.0.1) lib/action_dispatch/routing/route_set.rb:850:in `call'
railties (7.0.1) lib/rails/engine.rb:530:in `call'
railties (7.0.1) lib/rails/railtie.rb:224:in `public_send'
railties (7.0.1) lib/rails/railtie.rb:224:in `method_missing'
actionpack (7.0.1) lib/action_dispatch/routing/mapper.rb:19:in `block in <class:Constraints>'
actionpack (7.0.1) lib/action_dispatch/routing/mapper.rb:48:in `serve'
actionpack (7.0.1) lib/action_dispatch/journey/router.rb:50:in `block in serve'
actionpack (7.0.1) lib/action_dispatch/journey/router.rb:32:in `each'
actionpack (7.0.1) lib/action_dispatch/journey/router.rb:32:in `serve'
actionpack (7.0.1) lib/action_dispatch/routing/route_set.rb:850:in `call'
rack (2.2.3) lib/rack/etag.rb:27:in `call'
rack (2.2.3) lib/rack/conditional_get.rb:27:in `call'
rack (2.2.3) lib/rack/head.rb:12:in `call'
activerecord (7.0.1) lib/active_record/migration.rb:603:in `call'
actionpack (7.0.1) lib/action_dispatch/middleware/callbacks.rb:27:in `block in call'
activesupport (7.0.1) lib/active_support/callbacks.rb:99:in `run_callbacks'
actionpack (7.0.1) lib/action_dispatch/middleware/callbacks.rb:26:in `call'
actionpack (7.0.1) lib/action_dispatch/middleware/executor.rb:14:in `call'
actionpack (7.0.1) lib/action_dispatch/middleware/actionable_exceptions.rb:17:in `call'
actionpack (7.0.1) lib/action_dispatch/middleware/debug_exceptions.rb:28:in `call'
actionpack (7.0.1) lib/action_dispatch/middleware/show_exceptions.rb:26:in `call'
railties (7.0.1) lib/rails/rack/logger.rb:36:in `call_app'
railties (7.0.1) lib/rails/rack/logger.rb:25:in `block in call'
activesupport (7.0.1) lib/active_support/tagged_logging.rb:99:in `block in tagged'
activesupport (7.0.1) lib/active_support/tagged_logging.rb:37:in `tagged'
activesupport (7.0.1) lib/active_support/tagged_logging.rb:99:in `tagged'
railties (7.0.1) lib/rails/rack/logger.rb:25:in `call'
actionpack (7.0.1) lib/action_dispatch/middleware/remote_ip.rb:93:in `call'
actionpack (7.0.1) lib/action_dispatch/middleware/request_id.rb:26:in `call'
rack (2.2.3) lib/rack/runtime.rb:22:in `call'
activesupport (7.0.1) lib/active_support/cache/strategy/local_cache_middleware.rb:29:in `call'
actionpack (7.0.1) lib/action_dispatch/middleware/server_timing.rb:20:in `call'
actionpack (7.0.1) lib/action_dispatch/middleware/executor.rb:14:in `call'
actionpack (7.0.1) lib/action_dispatch/middleware/static.rb:23:in `call'
rack (2.2.3) lib/rack/sendfile.rb:110:in `call'
actionpack (7.0.1) lib/action_dispatch/middleware/host_authorization.rb:137:in `call'
railties (7.0.1) lib/rails/engine.rb:530:in `call'
puma (5.5.2) lib/puma/configuration.rb:249:in `call'
puma (5.5.2) lib/puma/request.rb:77:in `block in handle_request'
puma (5.5.2) lib/puma/thread_pool.rb:340:in `with_force_shutdown'
puma (5.5.2) lib/puma/request.rb:76:in `handle_request'
puma (5.5.2) lib/puma/server.rb:447:in `process_client'
puma (5.5.2) lib/puma/thread_pool.rb:147:in `block in spawn_thread'
Started GET "/graphiql" for ::1 at 2022-01-12 15:49:13 +0530
Processing by GraphiQL::Rails::EditorsController#show as HTML
  Parameters: {"graphql_path"=>"graphql#execute"}
  Rendering /Users/ishanrai/.rbenv/versions/3.1.0/lib/ruby/gems/3.1.0/gems/graphiql-rails-1.8.0/app/views/graphiql/rails/editors/show.html.erb
  Rendered /Users/ishanrai/.rbenv/versions/3.1.0/lib/ruby/gems/3.1.0/gems/graphiql-rails-1.8.0/app/views/graphiql/rails/editors/show.html.erb (Duration: 0.5ms | Allocations: 275)
Completed 500 Internal Server Error in 1ms (ActiveRecord: 0.0ms | Allocations: 546)


  
ActionView::Template::Error (Your application has sessions disabled. To write to the session you must first configure a session store):
    11:       graphql_endpoint_path: graphql_endpoint_path,
    12:       initial_query: GraphiQL::Rails.config.initial_query,
    13:       logo: GraphiQL::Rails.config.logo,
    14:       headers: GraphiQL::Rails.config.resolve_headers(self),
    15:       query_params: GraphiQL::Rails.config.query_params
    16:     } %>
    17:   </body>
  
actionpack (7.0.1) lib/action_dispatch/request/session.rb:253:in `load_for_write!'
actionpack (7.0.1) lib/action_dispatch/request/session.rb:151:in `[]='
actionpack (7.0.1) lib/action_controller/metal/request_forgery_protection.rb:449:in `real_csrf_token'
actionpack (7.0.1) lib/action_controller/metal/request_forgery_protection.rb:467:in `csrf_token_hmac'
actionpack (7.0.1) lib/action_controller/metal/request_forgery_protection.rb:461:in `global_csrf_token'
actionpack (7.0.1) lib/action_controller/metal/request_forgery_protection.rb:370:in `masked_authenticity_token'
actionpack (7.0.1) lib/action_controller/metal/request_forgery_protection.rb:357:in `form_authenticity_token'
actionpack (7.0.1) lib/action_controller/metal/request_forgery_protection.rb:107:in `form_authenticity_token'
graphiql-rails (1.8.0) lib/graphiql/rails/config.rb:17:in `block in <class:Config>'
graphiql-rails (1.8.0) lib/graphiql/rails/config.rb:38:in `block in resolve_headers'
graphiql-rails (1.8.0) lib/graphiql/rails/config.rb:37:in `each'
graphiql-rails (1.8.0) lib/graphiql/rails/config.rb:37:in `each_with_object'
graphiql-rails (1.8.0) lib/graphiql/rails/config.rb:37:in `resolve_headers'
graphiql-rails (1.8.0) app/views/graphiql/rails/editors/show.html.erb:14
actionview (7.0.1) lib/action_view/base.rb:244:in `public_send'
actionview (7.0.1) lib/action_view/base.rb:244:in `_run'
actionview (7.0.1) lib/action_view/template.rb:157:in `block in render'
activesupport (7.0.1) lib/active_support/notifications.rb:206:in `block in instrument'
activesupport (7.0.1) lib/active_support/notifications/instrumenter.rb:24:in `instrument'
activesupport (7.0.1) lib/active_support/notifications.rb:206:in `instrument'
actionview (7.0.1) lib/action_view/template.rb:361:in `instrument_render_template'
actionview (7.0.1) lib/action_view/template.rb:155:in `render'
actionview (7.0.1) lib/action_view/renderer/template_renderer.rb:65:in `block (2 levels) in render_template'
activesupport (7.0.1) lib/active_support/notifications.rb:206:in `block in instrument'
activesupport (7.0.1) lib/active_support/notifications/instrumenter.rb:24:in `instrument'
activesupport (7.0.1) lib/active_support/notifications.rb:206:in `instrument'
actionview (7.0.1) lib/action_view/renderer/template_renderer.rb:60:in `block in render_template'
actionview (7.0.1) lib/action_view/renderer/template_renderer.rb:79:in `render_with_layout'
actionview (7.0.1) lib/action_view/renderer/template_renderer.rb:59:in `render_template'
actionview (7.0.1) lib/action_view/renderer/template_renderer.rb:11:in `render'
actionview (7.0.1) lib/action_view/renderer/renderer.rb:61:in `render_template_to_object'
actionview (7.0.1) lib/action_view/renderer/renderer.rb:29:in `render_to_object'
actionview (7.0.1) lib/action_view/rendering.rb:117:in `block in _render_template'
actionview (7.0.1) lib/action_view/base.rb:270:in `in_rendering_context'
actionview (7.0.1) lib/action_view/rendering.rb:116:in `_render_template'
actionpack (7.0.1) lib/action_controller/metal/streaming.rb:216:in `_render_template'
actionview (7.0.1) lib/action_view/rendering.rb:103:in `render_to_body'
actionpack (7.0.1) lib/action_controller/metal/rendering.rb:46:in `render_to_body'
actionpack (7.0.1) lib/action_controller/metal/renderers.rb:142:in `render_to_body'
actionpack (7.0.1) lib/abstract_controller/rendering.rb:25:in `render'
actionpack (7.0.1) lib/action_controller/metal/rendering.rb:30:in `render'
actionpack (7.0.1) lib/action_controller/metal/instrumentation.rb:22:in `block (2 levels) in render'
/Users/ishanrai/.rbenv/versions/3.1.0/lib/ruby/3.1.0/benchmark.rb:311:in `realtime'
activesupport (7.0.1) lib/active_support/core_ext/benchmark.rb:14:in `ms'
actionpack (7.0.1) lib/action_controller/metal/instrumentation.rb:22:in `block in render'
actionpack (7.0.1) lib/action_controller/metal/instrumentation.rb:91:in `cleanup_view_runtime'
activerecord (7.0.1) lib/active_record/railties/controller_runtime.rb:34:in `cleanup_view_runtime'
actionpack (7.0.1) lib/action_controller/metal/instrumentation.rb:21:in `render'
actionpack (7.0.1) lib/action_controller/metal/implicit_render.rb:35:in `default_render'
actionpack (7.0.1) lib/action_controller/metal/basic_implicit_render.rb:6:in `block in send_action'
<internal:kernel>:90:in `tap'
actionpack (7.0.1) lib/action_controller/metal/basic_implicit_render.rb:6:in `send_action'
actionpack (7.0.1) lib/abstract_controller/base.rb:214:in `process_action'
actionpack (7.0.1) lib/action_controller/metal/rendering.rb:53:in `process_action'
actionpack (7.0.1) lib/abstract_controller/callbacks.rb:234:in `block in process_action'
activesupport (7.0.1) lib/active_support/callbacks.rb:118:in `block in run_callbacks'
actiontext (7.0.1) lib/action_text/rendering.rb:20:in `with_renderer'
actiontext (7.0.1) lib/action_text/engine.rb:69:in `block (4 levels) in <class:Engine>'
activesupport (7.0.1) lib/active_support/callbacks.rb:127:in `instance_exec'
activesupport (7.0.1) lib/active_support/callbacks.rb:127:in `block in run_callbacks'
activesupport (7.0.1) lib/active_support/callbacks.rb:138:in `run_callbacks'
actionpack (7.0.1) lib/abstract_controller/callbacks.rb:233:in `process_action'
actionpack (7.0.1) lib/action_controller/metal/rescue.rb:22:in `process_action'
actionpack (7.0.1) lib/action_controller/metal/instrumentation.rb:67:in `block in process_action'
activesupport (7.0.1) lib/active_support/notifications.rb:206:in `block in instrument'
activesupport (7.0.1) lib/active_support/notifications/instrumenter.rb:24:in `instrument'
activesupport (7.0.1) lib/active_support/notifications.rb:206:in `instrument'
actionpack (7.0.1) lib/action_controller/metal/instrumentation.rb:66:in `process_action'
actionpack (7.0.1) lib/action_controller/metal/params_wrapper.rb:259:in `process_action'
activerecord (7.0.1) lib/active_record/railties/controller_runtime.rb:27:in `process_action'
actionpack (7.0.1) lib/abstract_controller/base.rb:151:in `process'
actionview (7.0.1) lib/action_view/rendering.rb:39:in `process'
actionpack (7.0.1) lib/action_controller/metal.rb:188:in `dispatch'
actionpack (7.0.1) lib/action_controller/metal.rb:251:in `dispatch'
actionpack (7.0.1) lib/action_dispatch/routing/route_set.rb:49:in `dispatch'
actionpack (7.0.1) lib/action_dispatch/routing/route_set.rb:32:in `serve'
actionpack (7.0.1) lib/action_dispatch/journey/router.rb:50:in `block in serve'
actionpack (7.0.1) lib/action_dispatch/journey/router.rb:32:in `each'
actionpack (7.0.1) lib/action_dispatch/journey/router.rb:32:in `serve'
actionpack (7.0.1) lib/action_dispatch/routing/route_set.rb:850:in `call'
railties (7.0.1) lib/rails/engine.rb:530:in `call'
railties (7.0.1) lib/rails/railtie.rb:224:in `public_send'
railties (7.0.1) lib/rails/railtie.rb:224:in `method_missing'
actionpack (7.0.1) lib/action_dispatch/routing/mapper.rb:19:in `block in <class:Constraints>'
actionpack (7.0.1) lib/action_dispatch/routing/mapper.rb:48:in `serve'
actionpack (7.0.1) lib/action_dispatch/journey/router.rb:50:in `block in serve'
actionpack (7.0.1) lib/action_dispatch/journey/router.rb:32:in `each'
actionpack (7.0.1) lib/action_dispatch/journey/router.rb:32:in `serve'
actionpack (7.0.1) lib/action_dispatch/routing/route_set.rb:850:in `call'
rack (2.2.3) lib/rack/etag.rb:27:in `call'
rack (2.2.3) lib/rack/conditional_get.rb:27:in `call'
rack (2.2.3) lib/rack/head.rb:12:in `call'
activerecord (7.0.1) lib/active_record/migration.rb:603:in `call'
actionpack (7.0.1) lib/action_dispatch/middleware/callbacks.rb:27:in `block in call'
activesupport (7.0.1) lib/active_support/callbacks.rb:99:in `run_callbacks'
actionpack (7.0.1) lib/action_dispatch/middleware/callbacks.rb:26:in `call'
actionpack (7.0.1) lib/action_dispatch/middleware/executor.rb:14:in `call'
actionpack (7.0.1) lib/action_dispatch/middleware/actionable_exceptions.rb:17:in `call'
actionpack (7.0.1) lib/action_dispatch/middleware/debug_exceptions.rb:28:in `call'
actionpack (7.0.1) lib/action_dispatch/middleware/show_exceptions.rb:26:in `call'
railties (7.0.1) lib/rails/rack/logger.rb:36:in `call_app'
railties (7.0.1) lib/rails/rack/logger.rb:25:in `block in call'
activesupport (7.0.1) lib/active_support/tagged_logging.rb:99:in `block in tagged'
activesupport (7.0.1) lib/active_support/tagged_logging.rb:37:in `tagged'
activesupport (7.0.1) lib/active_support/tagged_logging.rb:99:in `tagged'
railties (7.0.1) lib/rails/rack/logger.rb:25:in `call'
actionpack (7.0.1) lib/action_dispatch/middleware/remote_ip.rb:93:in `call'
actionpack (7.0.1) lib/action_dispatch/middleware/request_id.rb:26:in `call'
rack (2.2.3) lib/rack/runtime.rb:22:in `call'
activesupport (7.0.1) lib/active_support/cache/strategy/local_cache_middleware.rb:29:in `call'
actionpack (7.0.1) lib/action_dispatch/middleware/server_timing.rb:20:in `call'
actionpack (7.0.1) lib/action_dispatch/middleware/executor.rb:14:in `call'
actionpack (7.0.1) lib/action_dispatch/middleware/static.rb:23:in `call'
rack (2.2.3) lib/rack/sendfile.rb:110:in `call'
actionpack (7.0.1) lib/action_dispatch/middleware/host_authorization.rb:137:in `call'
railties (7.0.1) lib/rails/engine.rb:530:in `call'
puma (5.5.2) lib/puma/configuration.rb:249:in `call'
puma (5.5.2) lib/puma/request.rb:77:in `block in handle_request'
puma (5.5.2) lib/puma/thread_pool.rb:340:in `with_force_shutdown'
puma (5.5.2) lib/puma/request.rb:76:in `handle_request'
puma (5.5.2) lib/puma/server.rb:447:in `process_client'
puma (5.5.2) lib/puma/thread_pool.rb:147:in `block in spawn_thread'
